<?xml version="1.0" encoding="UTF-8"?>
<!-- Generated by org.testng.reporters.JUnitXMLReporter -->
<testsuite hostname="ADMINRG-MKE61HL" ignored="0" name="Validating Tittle in the page" tests="2" failures="1" timestamp="31 Aug 2020 15:49:12 GMT" time="146.528" errors="0">
  <testcase name="basePageNavigationn_Tittle" time="5.883" classname="Academy.validateTittle"/>
  <testcase name="vvalidateTittleHeader" time="0.062" classname="Academy.validateTittle">
    <failure type="java.lang.AssertionError" message="expected [true] but found [false]">
      <![CDATA[java.lang.AssertionError: expected [true] but found [false]
	at Academy.validateTittle.vvalidateTittleHeader(validateTittle.java:67)
	at java.util.concurrent.FutureTask.run(FutureTask.java:266)
	at java.util.concurrent.ThreadPoolExecutor.runWorker(ThreadPoolExecutor.java:1149)
	at java.util.concurrent.ThreadPoolExecutor$Worker.run(ThreadPoolExecutor.java:624)
	at java.lang.Thread.run(Thread.java:748)
... Removed 20 stack frames]]>
    </failure>
  </testcase> <!-- vvalidateTittleHeader -->
</testsuite> <!-- Validating Tittle in the page -->
