<?xml version="1.0" encoding="UTF-8"?>
<testng-results skipped="0" failed="1" ignored="0" total="4" passed="3">
  <reporter-output>
  </reporter-output>
  <suite name="Suite" duration-ms="151332" started-at="2020-08-31T15:46:44Z" finished-at="2020-08-31T15:49:16Z">
    <groups>
    </groups>
    <test name="Validating Tittle in the page" duration-ms="146528" started-at="2020-08-31T15:46:44Z" finished-at="2020-08-31T15:49:11Z">
      <class name="Academy.validateTittle">
        <test-method status="PASS" signature="initialize()[pri:0, instance:Academy.validateTittle@10ee7e5]" name="initialize" is-config="true" duration-ms="102226" started-at="2020-08-31T21:16:44Z" finished-at="2020-08-31T21:18:27Z">
          <reporter-output>
          </reporter-output>
        </test-method> <!-- initialize -->
        <test-method status="PASS" signature="basePageNavigationn_Tittle()[pri:0, instance:Academy.validateTittle@10ee7e5]" name="basePageNavigationn_Tittle" duration-ms="5883" started-at="2020-08-31T21:18:27Z" finished-at="2020-08-31T21:18:32Z">
          <reporter-output>
          </reporter-output>
        </test-method> <!-- basePageNavigationn_Tittle -->
        <test-method status="FAIL" signature="vvalidateTittleHeader()[pri:0, instance:Academy.validateTittle@10ee7e5]" name="vvalidateTittleHeader" duration-ms="62" started-at="2020-08-31T21:18:32Z" finished-at="2020-08-31T21:18:33Z">
          <exception class="java.lang.AssertionError">
            <message>
              <![CDATA[expected [true] but found [false]]]>
            </message>
            <full-stacktrace>
              <![CDATA[java.lang.AssertionError: expected [true] but found [false]
	at org.testng.Assert.fail(Assert.java:93)
	at org.testng.Assert.failNotEquals(Assert.java:512)
	at org.testng.Assert.assertTrue(Assert.java:41)
	at org.testng.Assert.assertTrue(Assert.java:51)
	at Academy.validateTittle.vvalidateTittleHeader(validateTittle.java:67)
	at sun.reflect.NativeMethodAccessorImpl.invoke0(Native Method)
	at sun.reflect.NativeMethodAccessorImpl.invoke(NativeMethodAccessorImpl.java:62)
	at sun.reflect.DelegatingMethodAccessorImpl.invoke(DelegatingMethodAccessorImpl.java:43)
	at java.lang.reflect.Method.invoke(Method.java:498)
	at org.testng.internal.MethodInvocationHelper.invokeMethod(MethodInvocationHelper.java:108)
	at org.testng.internal.Invoker.invokeMethod(Invoker.java:661)
	at org.testng.internal.Invoker.invokeTestMethod(Invoker.java:869)
	at org.testng.internal.Invoker.invokeTestMethods(Invoker.java:1193)
	at org.testng.internal.TestMethodWorker.invokeTestMethods(TestMethodWorker.java:126)
	at org.testng.internal.TestMethodWorker.run(TestMethodWorker.java:109)
	at org.testng.TestRunner.privateRun(TestRunner.java:744)
	at org.testng.TestRunner.run(TestRunner.java:602)
	at org.testng.SuiteRunner.runTest(SuiteRunner.java:380)
	at org.testng.SuiteRunner.access$000(SuiteRunner.java:39)
	at org.testng.SuiteRunner$SuiteWorker.run(SuiteRunner.java:414)
	at org.testng.internal.thread.ThreadUtil$1.call(ThreadUtil.java:52)
	at java.util.concurrent.FutureTask.run(FutureTask.java:266)
	at java.util.concurrent.ThreadPoolExecutor.runWorker(ThreadPoolExecutor.java:1149)
	at java.util.concurrent.ThreadPoolExecutor$Worker.run(ThreadPoolExecutor.java:624)
	at java.lang.Thread.run(Thread.java:748)
]]>
            </full-stacktrace>
          </exception> <!-- java.lang.AssertionError -->
          <reporter-output>
          </reporter-output>
        </test-method> <!-- vvalidateTittleHeader -->
        <test-method status="PASS" signature="closeBrowser()[pri:0, instance:Academy.validateTittle@10ee7e5]" name="closeBrowser" is-config="true" duration-ms="33440" started-at="2020-08-31T21:18:37Z" finished-at="2020-08-31T21:19:11Z">
          <reporter-output>
          </reporter-output>
        </test-method> <!-- closeBrowser -->
      </class> <!-- Academy.validateTittle -->
    </test> <!-- Validating Tittle in the page -->
    <test name="Home Page Execution" duration-ms="151332" started-at="2020-08-31T15:46:44Z" finished-at="2020-08-31T15:49:16Z">
      <class name="Academy.HomePage">
        <test-method status="PASS" signature="initialize()[pri:0, instance:Academy.HomePage@12ed83b]" name="initialize" is-config="true" duration-ms="48296" started-at="2020-08-31T21:16:44Z" finished-at="2020-08-31T21:17:33Z">
          <reporter-output>
          </reporter-output>
        </test-method> <!-- initialize -->
        <test-method status="PASS" signature="basePageNavigation(java.lang.String, java.lang.String, java.lang.String)[pri:0, instance:Academy.HomePage@12ed83b]" name="basePageNavigation" duration-ms="80822" started-at="2020-08-31T21:17:33Z" data-provider="getData" finished-at="2020-08-31T21:18:54Z">
          <params>
            <param index="0">
              <value>
                <![CDATA[NonRestUser@qv.com]]>
              </value>
            </param>
            <param index="1">
              <value>
                <![CDATA[123456]]>
              </value>
            </param>
            <param index="2">
              <value>
                <![CDATA[Resticted user]]>
              </value>
            </param>
          </params>
          <reporter-output>
          </reporter-output>
        </test-method> <!-- basePageNavigation -->
        <test-method status="PASS" signature="basePageNavigation(java.lang.String, java.lang.String, java.lang.String)[pri:0, instance:Academy.HomePage@12ed83b]" name="basePageNavigation" duration-ms="18783" started-at="2020-08-31T21:18:54Z" data-provider="getData" finished-at="2020-08-31T21:19:12Z">
          <params>
            <param index="0">
              <value>
                <![CDATA[RestUser@qv.com]]>
              </value>
            </param>
            <param index="1">
              <value>
                <![CDATA[456789]]>
              </value>
            </param>
            <param index="2">
              <value>
                <![CDATA[Non Resticted user]]>
              </value>
            </param>
          </params>
          <reporter-output>
          </reporter-output>
        </test-method> <!-- basePageNavigation -->
        <test-method status="PASS" signature="closeBrowser()[pri:0, instance:Academy.HomePage@12ed83b]" name="closeBrowser" is-config="true" duration-ms="3339" started-at="2020-08-31T21:19:12Z" finished-at="2020-08-31T21:19:16Z">
          <reporter-output>
          </reporter-output>
        </test-method> <!-- closeBrowser -->
      </class> <!-- Academy.HomePage -->
    </test> <!-- Home Page Execution -->
  </suite> <!-- Suite -->
</testng-results>
